2025-06-07 13:27:39,981 - utils.logger - INFO - 🚀 Бот запускается...
2025-06-07 13:27:43,210 - aiogram.dispatcher - INFO - Start polling
2025-06-07 13:27:43,268 - aiogram.dispatcher - INFO - Run polling for bot @fact_fusion_2025_bot id=8077737652 - 'FactFusion Bot'
2025-06-07 13:27:58,209 - utils.logger - INFO - User 1132276334 (@KorbenDl) - Message: /start
2025-06-07 13:27:58,578 - aiogram.event - INFO - Update id=128116898 is handled. Duration 375 ms by bot id=8077737652
2025-06-07 13:28:08,036 - utils.logger - INFO - User 1132276334 (@KorbenDl) - Message: /help
2025-06-07 13:28:08,115 - aiogram.event - INFO - Update id=128116899 is handled. Duration 77 ms by bot id=8077737652
2025-06-07 13:28:15,202 - utils.logger - INFO - User 1132276334 (@KorbenDl) - Message: /catfact
2025-06-07 13:28:15,282 - aiogram.event - INFO - Update id=128116900 is handled. Duration 94 ms by bot id=8077737652
2025-06-07 13:28:21,867 - utils.logger - INFO - User 1132276334 (@KorbenDl) - Callback: catfact
2025-06-07 13:28:21,868 - utils.logger - INFO - Cache miss for key: catfact_recent
2025-06-07 13:28:22,640 - utils.logger - INFO - Successful API call to https://catfact.ninja/fact
2025-06-07 13:28:22,641 - utils.logger - INFO - Cache set for key: catfact_recent
2025-06-07 13:28:22,642 - utils.logger - ERROR - Error loading database: Expecting value: line 1 column 1 (char 0)
2025-06-07 13:28:22,801 - aiogram.event - INFO - Update id=128116901 is handled. Duration 937 ms by bot id=8077737652
2025-06-07 13:28:33,463 - utils.logger - INFO - User 1132276334 (@KorbenDl) - Callback: add_favorite:catfact
2025-06-07 13:28:33,470 - utils.logger - ERROR - Error loading database: Expecting value: line 1 column 1 (char 0)
2025-06-07 13:28:33,543 - aiogram.event - INFO - Update id=128116902 is handled. Duration 94 ms by bot id=8077737652
2025-06-07 13:28:37,868 - utils.logger - INFO - User 1132276334 (@KorbenDl) - Callback: add_favorite:catfact
2025-06-07 13:28:37,869 - utils.logger - ERROR - Error loading database: Expecting value: line 1 column 1 (char 0)
2025-06-07 13:28:38,010 - aiogram.event - INFO - Update id=128116903 is handled. Duration 140 ms by bot id=8077737652
2025-06-07 13:28:48,631 - utils.logger - INFO - User 1132276334 (@KorbenDl) - Callback: randomfact
2025-06-07 13:28:48,631 - utils.logger - INFO - Cache miss for key: randomfact_recent
2025-06-07 13:28:49,228 - utils.logger - INFO - Successful API call to https://uselessfacts.jsph.pl/random.json?language=en
2025-06-07 13:28:49,235 - utils.logger - INFO - Cache set for key: randomfact_recent
2025-06-07 13:28:49,241 - utils.logger - ERROR - Error loading database: Expecting value: line 1 column 1 (char 0)
2025-06-07 13:28:49,490 - aiogram.event - INFO - Update id=128116904 is handled. Duration 859 ms by bot id=8077737652
2025-06-07 13:28:52,009 - utils.logger - INFO - User 1132276334 (@KorbenDl) - Callback: add_favorite:randomfact
2025-06-07 13:28:52,010 - utils.logger - ERROR - Error loading database: Expecting value: line 1 column 1 (char 0)
2025-06-07 13:28:52,091 - aiogram.event - INFO - Update id=128116905 is handled. Duration 92 ms by bot id=8077737652
2025-06-07 13:28:59,962 - utils.logger - INFO - User 1132276334 (@KorbenDl) - Callback: joke
2025-06-07 13:28:59,963 - utils.logger - INFO - Cache miss for key: joke_recent
2025-06-07 13:29:00,414 - utils.logger - INFO - Successful API call to https://v2.jokeapi.dev/joke/Any?safe-mode
2025-06-07 13:29:00,416 - utils.logger - INFO - Cache set for key: joke_recent
2025-06-07 13:29:00,421 - utils.logger - ERROR - Error loading database: Expecting value: line 1 column 1 (char 0)
2025-06-07 13:29:00,804 - aiogram.event - INFO - Update id=128116906 is handled. Duration 844 ms by bot id=8077737652
2025-06-07 13:29:04,283 - utils.logger - INFO - User 1132276334 (@KorbenDl) - Callback: add_favorite:joke
2025-06-07 13:29:04,284 - utils.logger - ERROR - Error loading database: Expecting value: line 1 column 1 (char 0)
2025-06-07 13:29:04,355 - aiogram.event - INFO - Update id=128116907 is handled. Duration 77 ms by bot id=8077737652
2025-06-07 13:29:23,983 - aiogram.dispatcher - INFO - Polling stopped
2025-06-07 13:29:24,240 - aiogram.dispatcher - INFO - Polling stopped for bot @fact_fusion_2025_bot id=8077737652 - 'FactFusion Bot'
2025-06-07 13:29:24,243 - utils.logger - INFO - Бот остановлен пользователем
2025-06-07 14:40:08,837 - utils.logger - INFO - Database saved successfully
2025-06-07 14:40:08,837 - utils.logger - INFO - Database initialized successfully
2025-06-07 14:40:08,867 - utils.logger - INFO - 🚀 Бот запускается...
2025-06-07 14:40:09,234 - aiogram.dispatcher - INFO - Start polling
2025-06-07 14:40:09,294 - aiogram.dispatcher - INFO - Run polling for bot @fact_fusion_2025_bot id=8077737652 - 'FactFusion Bot'
2025-06-07 14:40:22,113 - utils.logger - INFO - User 1132276334 (@KorbenDl) - Callback: add_favorite:catfact
2025-06-07 14:40:22,398 - aiogram.event - INFO - Update id=128116908 is handled. Duration 280 ms by bot id=8077737652
2025-06-07 14:40:29,826 - utils.logger - INFO - User 1132276334 (@KorbenDl) - Message: /start
2025-06-07 14:40:29,926 - aiogram.event - INFO - Update id=128116909 is handled. Duration 94 ms by bot id=8077737652
2025-06-07 14:40:31,349 - utils.logger - INFO - User 1132276334 (@KorbenDl) - Callback: catfact
2025-06-07 14:40:31,362 - utils.logger - INFO - Database saved successfully
2025-06-07 14:40:31,365 - utils.logger - INFO - User 1132276334 created
2025-06-07 14:40:31,366 - utils.logger - INFO - Cache miss for key: catfact_recent
2025-06-07 14:40:32,425 - utils.logger - INFO - Successful API call to https://catfact.ninja/fact
2025-06-07 14:40:32,427 - utils.logger - INFO - Cache set for key: catfact_recent
2025-06-07 14:40:32,439 - utils.logger - INFO - Database saved successfully
2025-06-07 14:40:32,441 - utils.logger - INFO - User 1132276334 updated
2025-06-07 14:40:32,443 - utils.logger - INFO - Database saved successfully
2025-06-07 14:40:32,646 - aiogram.event - INFO - Update id=128116910 is handled. Duration 1297 ms by bot id=8077737652
2025-06-07 14:40:34,607 - utils.logger - INFO - User 1132276334 (@KorbenDl) - Callback: add_favorite:catfact
2025-06-07 14:40:34,610 - utils.logger - INFO - Database saved successfully
2025-06-07 14:40:34,610 - utils.logger - INFO - User 1132276334 updated
2025-06-07 14:40:34,676 - utils.logger - INFO - User 1132276334 added catfact to favorites
2025-06-07 14:40:34,677 - aiogram.event - INFO - Update id=128116911 is handled. Duration 79 ms by bot id=8077737652
2025-06-07 14:40:47,237 - utils.logger - INFO - User 1132276334 (@KorbenDl) - Message: /start
2025-06-07 14:40:47,338 - aiogram.event - INFO - Update id=128116912 is handled. Duration 93 ms by bot id=8077737652
2025-06-07 14:40:58,350 - utils.logger - INFO - User 1132276334 (@KorbenDl) - Callback: joke
2025-06-07 14:40:58,352 - utils.logger - INFO - Cache miss for key: joke_recent
2025-06-07 14:40:58,763 - utils.logger - INFO - Successful API call to https://v2.jokeapi.dev/joke/Any?safe-mode
2025-06-07 14:40:58,770 - utils.logger - INFO - Cache set for key: joke_recent
2025-06-07 14:40:58,805 - utils.logger - INFO - Database saved successfully
2025-06-07 14:40:58,851 - utils.logger - INFO - User 1132276334 updated
2025-06-07 14:40:58,858 - utils.logger - INFO - Database saved successfully
2025-06-07 14:40:59,212 - aiogram.event - INFO - Update id=128116913 is handled. Duration 859 ms by bot id=8077737652
2025-06-07 14:41:01,753 - utils.logger - INFO - User 1132276334 (@KorbenDl) - Callback: add_favorite:joke
2025-06-07 14:41:01,763 - utils.logger - INFO - Database saved successfully
2025-06-07 14:41:01,764 - utils.logger - INFO - User 1132276334 updated
2025-06-07 14:41:01,839 - utils.logger - INFO - User 1132276334 added joke to favorites
2025-06-07 14:41:01,845 - aiogram.event - INFO - Update id=128116914 is handled. Duration 92 ms by bot id=8077737652
2025-06-07 14:41:09,334 - utils.logger - INFO - User 1132276334 (@KorbenDl) - Message: /start
2025-06-07 14:41:09,417 - aiogram.event - INFO - Update id=128116915 is handled. Duration 78 ms by bot id=8077737652
2025-06-07 14:45:14,351 - aiogram.dispatcher - INFO - Polling stopped
2025-06-07 14:45:14,617 - aiogram.dispatcher - INFO - Polling stopped for bot @fact_fusion_2025_bot id=8077737652 - 'FactFusion Bot'
2025-06-07 14:45:14,619 - utils.logger - INFO - Бот остановлен пользователем
2025-06-07 14:46:25,726 - utils.logger - INFO - Database saved successfully
2025-06-07 14:46:25,727 - utils.logger - INFO - Database initialized successfully
2025-06-07 14:46:25,752 - utils.logger - ERROR - Критическая ошибка: name 'CallbackQuery' is not defined
2025-06-07 14:46:38,088 - utils.logger - INFO - Database saved successfully
2025-06-07 14:46:38,088 - utils.logger - INFO - Database initialized successfully
2025-06-07 14:46:38,106 - utils.logger - ERROR - Критическая ошибка: name 'CallbackQuery' is not defined
2025-06-07 14:48:28,560 - utils.logger - INFO - Database saved successfully
2025-06-07 14:48:28,560 - utils.logger - INFO - Database initialized successfully
2025-06-07 14:48:28,566 - utils.logger - INFO - 🚀 Бот запускается...
2025-06-07 14:48:28,932 - aiogram.dispatcher - INFO - Start polling
2025-06-07 14:48:28,994 - aiogram.dispatcher - INFO - Run polling for bot @fact_fusion_2025_bot id=8077737652 - 'FactFusion Bot'
2025-06-07 14:50:22,787 - utils.logger - INFO - User 1132276334 (@KorbenDl) - Callback: catfact
2025-06-07 14:50:22,794 - utils.logger - INFO - Database saved successfully
2025-06-07 14:50:22,794 - utils.logger - INFO - User 1132276334 created
2025-06-07 14:50:22,795 - utils.logger - INFO - Cache miss for key: catfact_recent
2025-06-07 14:50:23,207 - utils.logger - INFO - Successful API call to https://catfact.ninja/fact
2025-06-07 14:50:23,209 - utils.logger - INFO - Cache set for key: catfact_recent
2025-06-07 14:50:23,211 - utils.logger - INFO - Database saved successfully
2025-06-07 14:50:23,212 - utils.logger - INFO - User 1132276334 updated
2025-06-07 14:50:23,252 - utils.logger - INFO - Database saved successfully
2025-06-07 14:50:23,677 - aiogram.event - INFO - Update id=128116916 is handled. Duration 890 ms by bot id=8077737652
2025-06-07 14:50:26,877 - utils.logger - INFO - User 1132276334 (@KorbenDl) - Callback: back_to_main
2025-06-07 14:50:27,071 - aiogram.event - INFO - Update id=128116917 is handled. Duration 187 ms by bot id=8077737652
2025-06-07 14:50:30,457 - utils.logger - INFO - User 1132276334 (@KorbenDl) - Callback: prediction
2025-06-07 14:50:30,602 - aiogram.event - INFO - Update id=128116918 is handled. Duration 140 ms by bot id=8077737652
2025-06-07 14:50:33,877 - utils.logger - INFO - User 1132276334 (@KorbenDl) - Callback: predict_age
2025-06-07 14:50:34,031 - aiogram.event - INFO - Update id=128116919 is handled. Duration 156 ms by bot id=8077737652
2025-06-07 14:50:37,632 - utils.logger - INFO - User 1132276334 (@KorbenDl) - Callback: prediction
2025-06-07 14:50:37,769 - aiogram.event - INFO - Update id=128116920 is handled. Duration 140 ms by bot id=8077737652
2025-06-07 14:50:38,592 - utils.logger - INFO - User 1132276334 (@KorbenDl) - Callback: predict_gender
2025-06-07 14:50:38,742 - aiogram.event - INFO - Update id=128116921 is handled. Duration 141 ms by bot id=8077737652
2025-06-07 14:50:45,775 - utils.logger - INFO - User 1132276334 (@KorbenDl) - Callback: prediction
2025-06-07 14:50:45,946 - aiogram.event - INFO - Update id=128116922 is handled. Duration 172 ms by bot id=8077737652
2025-06-07 14:50:48,481 - utils.logger - INFO - User 1132276334 (@KorbenDl) - Callback: predict_gender
2025-06-07 14:50:48,627 - aiogram.event - INFO - Update id=128116923 is handled. Duration 157 ms by bot id=8077737652
2025-06-07 14:50:52,218 - utils.logger - INFO - User 1132276334 (@KorbenDl) - Callback: prediction
2025-06-07 14:50:52,408 - aiogram.event - INFO - Update id=128116924 is handled. Duration 188 ms by bot id=8077737652
2025-06-07 14:50:53,122 - utils.logger - INFO - User 1132276334 (@KorbenDl) - Callback: predict_gender
2025-06-07 14:50:53,265 - aiogram.event - INFO - Update id=128116925 is handled. Duration 155 ms by bot id=8077737652
2025-06-07 14:50:58,672 - utils.logger - INFO - User 1132276334 (@KorbenDl) - Message: Пол
2025-06-07 14:50:58,678 - utils.logger - INFO - Cache miss for key: gender_пол
2025-06-07 14:50:59,467 - utils.logger - INFO - Successful API call to https://api.genderize.io
2025-06-07 14:50:59,468 - utils.logger - INFO - Cache set for key: gender_пол
2025-06-07 14:50:59,473 - utils.logger - INFO - Database saved successfully
2025-06-07 14:50:59,474 - utils.logger - INFO - User 1132276334 updated
2025-06-07 14:50:59,478 - utils.logger - INFO - Database saved successfully
2025-06-07 14:50:59,706 - aiogram.event - INFO - Update id=128116926 is handled. Duration 1030 ms by bot id=8077737652
